<?xml version="1.0" encoding="UTF-8"?>
<testng-results total="0" passed="0" failed="0" skipped="0">
  <reporter-output>
  </reporter-output>
  <suite started-at="2019-02-14T21:40:35Z" name="Surefire suite" finished-at="2019-02-14T21:47:03Z" duration-ms="387850">
    <groups>
    </groups>
    <test started-at="2019-02-14T21:40:35Z" name="Surefire test" finished-at="2019-02-14T21:47:03Z" duration-ms="387850">
    </test> <!-- Surefire test -->
  </suite> <!-- Surefire suite -->
</testng-results>
